#
# A fatal error has been detected by the Java Runtime Environment:
#
#  EXCEPTION_ACCESS_VIOLATION (0xc0000005) at pc=0x00000000032d8b2f, pid=5164, tid=0x0000000000001700
#
# JRE version: Java(TM) SE Runtime Environment (8.0_202-b08) (build 1.8.0_202-b08)
# Java VM: Java HotSpot(TM) 64-Bit Server VM (25.202-b08 mixed mode windows-amd64 compressed oops)
# Problematic frame:
# J 3902 C2 org.languagetool.AnalyzedSentence.<init>([Lorg/languagetool/AnalyzedTokenReadings;)V (163 bytes) @ 0x00000000032d8b2f [0x00000000032d8940+0x1ef]
#
# Failed to write core dump. Minidumps are not enabled by default on client versions of Windows
#
# If you would like to submit a bug report, please visit:
#   http://bugreport.java.com/bugreport/crash.jsp
#

---------------  T H R E A D  ---------------

Current thread (0x0000000019c07000):  JavaThread "pool-1-thread-1" [_thread_in_Java, id=5888, stack(0x000000001a490000,0x000000001a590000)]

siginfo: ExceptionCode=0xc0000005, writing address 0x000000000000000b

Registers:
RAX=0x000000000000000b, RBX=0x00000000ec6d62e0, RCX=0x000000000000000a, RDX=0x0000000000000011
RSP=0x000000001a58ec60, RBP=0x0000000080000013, RSI=0x00000000ec6d6288, RDI=0x000000000000000a
R8 =0x000000000000000a, R9 =0x000000000000000a, R10=0x0000000000000001, R11=0x0000000000000000
R12=0x0000000000000000, R13=0x0000000083e4edc8, R14=0x000000000000000b, R15=0x0000000019c07000
RIP=0x00000000032d8b2f, EFLAGS=0x0000000000010202

Top of Stack: (sp=0x000000001a58ec60)
0x000000001a58ec60:   0000000000000001 00000000ec6d6218
0x000000001a58ec70:   0000000000000001 0000000003016d7b
0x000000001a58ec80:   0000000000000003 0000000f00000011
0x000000001a58ec90:   0000000083e4edc8 00000000ec6d6268
0x000000001a58eca0:   00000000ec6d6078 0000000a00000010
0x000000001a58ecb0:   ec6d57080000000a 0000000b0000000a
0x000000001a58ecc0:   00000000ec6d62e0 00000000ec6d6288
0x000000001a58ecd0:   0000000b0000000a 000000000000000a
0x000000001a58ece0:   000000000000003f 0000000183e65728
0x000000001a58ecf0:   0000000000000000 0000000000000010
0x000000001a58ed00:   00000000f7f7c5f0 000000001a58ed20
0x000000001a58ed10:   00000000ec6d6268 00000000033d2b94
0x000000001a58ed20:   00000000eaecef10 0000000000000003
0x000000001a58ed30:   0000000054e7fde8 00000000eabf91f0
0x000000001a58ed40:   0000000100000010 00000000ec6d6078
0x000000001a58ed50:   ec6d6018ec6d4578 0000000000000010 

Instructions: (pc=0x00000000032d8b2f)
0x00000000032d8b0f:   44 89 4c 24 74 45 85 d2 0f 8e 2f 01 00 00 44 8b
0x00000000032d8b1f:   4c 24 70 41 d1 f9 44 03 4c 24 70 45 8b d1 45 2b
0x00000000032d8b2f:   d6 45 85 d2 7d 03 45 8b ce 41 8b e9 81 c5 09 00
0x00000000032d8b3f:   00 80 85 ed 0f 8f e0 0e 00 00 44 89 4c 24 78 44 


Register to memory mapping:

RAX=0x000000000000000b is an unknown value
RBX=0x00000000ec6d62e0 is an oop
[Ljava.lang.Object; 
 - klass: 'java/lang/Object'[]
 - length: 10
RCX=0x000000000000000a is an unknown value
RDX=0x0000000000000011 is an unknown value
RSP=0x000000001a58ec60 is pointing into the stack for thread: 0x0000000019c07000
RBP=0x0000000080000013 is an unknown value
RSI=0x00000000ec6d6288 is an oop
[I 
 - klass: {type array int}
 - length: 17
RDI=0x000000000000000a is an unknown value
R8 =0x000000000000000a is an unknown value
R9 =0x000000000000000a is an unknown value
R10=0x0000000000000001 is an unknown value
R11=0x0000000000000000 is an unknown value
R12=0x0000000000000000 is an unknown value
R13=0x0000000083e4edc8 is an oop
[Ljava.lang.Object; 
 - klass: 'java/lang/Object'[]
 - length: 0
R14=0x000000000000000b is an unknown value
R15=0x0000000019c07000 is a thread


Stack: [0x000000001a490000,0x000000001a590000],  sp=0x000000001a58ec60,  free space=1019k
Native frames: (J=compiled Java code, j=interpreted, Vv=VM code, C=native code)
C  0x00000000032d8b2f


---------------  P R O C E S S  ---------------

Java Threads: ( => current thread )
  0x00000000023e2000 JavaThread "DestroyJavaVM" [_thread_blocked, id=5180, stack(0x0000000002630000,0x0000000002730000)]
=>0x0000000019c07000 JavaThread "pool-1-thread-1" [_thread_in_Java, id=5888, stack(0x000000001a490000,0x000000001a590000)]
  0x0000000018932000 JavaThread "Service Thread" daemon [_thread_blocked, id=5316, stack(0x0000000019570000,0x0000000019670000)]
  0x00000000188c5000 JavaThread "C1 CompilerThread2" daemon [_thread_blocked, id=5312, stack(0x0000000019280000,0x0000000019380000)]
  0x00000000188a4000 JavaThread "C2 CompilerThread1" daemon [_thread_blocked, id=5304, stack(0x0000000019390000,0x0000000019490000)]
  0x000000001889e000 JavaThread "C2 CompilerThread0" daemon [_thread_blocked, id=5300, stack(0x00000000190c0000,0x00000000191c0000)]
  0x000000001889d000 JavaThread "Attach Listener" daemon [_thread_blocked, id=5296, stack(0x0000000018eb0000,0x0000000018fb0000)]
  0x000000001746e000 JavaThread "Signal Dispatcher" daemon [_thread_blocked, id=5292, stack(0x0000000018d20000,0x0000000018e20000)]
  0x0000000017457800 JavaThread "Finalizer" daemon [_thread_blocked, id=5208, stack(0x0000000018780000,0x0000000018880000)]
  0x000000001740e800 JavaThread "Reference Handler" daemon [_thread_blocked, id=5204, stack(0x0000000018590000,0x0000000018690000)]

Other Threads:
  0x0000000017407000 VMThread [stack: 0x00000000183b0000,0x00000000184b0000] [id=5200]
  0x00000000189b2000 WatcherThread [stack: 0x0000000019740000,0x0000000019840000] [id=5320]

VM state:not at safepoint (normal execution)

VM Mutex/Monitor currently owned by a thread: None

heap address: 0x0000000081200000, size: 2030 MB, Compressed Oops mode: 32-bit
Narrow klass base: 0x0000000000000000, Narrow klass shift: 3
Compressed class space size: 1073741824 Address: 0x000000013f530000

Heap:
 PSYoungGen      total 685056K, used 383528K [0x00000000d5b80000, 0x00000000fff80000, 0x0000000100000000)
  eden space 678400K, 55% used [0x00000000d5b80000,0x00000000ece7ffb0,0x00000000ff200000)
  from space 6656K, 54% used [0x00000000ff880000,0x00000000ffc0a1b8,0x00000000fff00000)
  to   space 6656K, 0% used [0x00000000ff200000,0x00000000ff200000,0x00000000ff880000)
 ParOldGen       total 238592K, used 57885K [0x0000000081200000, 0x000000008fb00000, 0x00000000d5b80000)
  object space 238592K, 24% used [0x0000000081200000,0x0000000084a87438,0x000000008fb00000)
 Metaspace       used 15412K, capacity 15740K, committed 15872K, reserved 1062912K
  class space    used 1687K, capacity 1778K, committed 1792K, reserved 1048576K

Card table byte_map: [0x0000000011af0000,0x0000000011ef0000] byte_map_base: 0x00000000116e7000

Marking Bits: (ParMarkBitMap*) 0x0000000055095ce0
 Begin Bits: [0x0000000012700000, 0x00000000146b8000)
 End Bits:   [0x00000000146b8000, 0x0000000016670000)

Polling page: 0x0000000000350000

CodeCache: size=245760Kb used=11571Kb max_used=12866Kb free=234188Kb
 bounds [0x0000000002730000, 0x0000000003430000, 0x0000000011730000]
 total_blobs=3421 nmethods=3051 adapters=282
 compilation: enabled

Compilation events (10 events):
Event: 16750.768 Thread 0x000000001889e000 4173       4       org.languagetool.ResourceBundleWithFallback::handleGetObject (30 bytes)
Event: 16750.796 Thread 0x000000001889e000 nmethod 4173 0x0000000002bc6d50 code [0x0000000002bc6f40, 0x0000000002bc8168]
Event: 16810.279 Thread 0x00000000188c5000 4174       3       com.vladsch.flexmark.ast.InlineLinkNode::getSegments (112 bytes)
Event: 16810.280 Thread 0x00000000188c5000 nmethod 4174 0x0000000002d5e210 code [0x0000000002d5e420, 0x0000000002d5f650]
Event: 16848.682 Thread 0x00000000188a4000 4175       4       org.languagetool.rules.patterns.PatternRuleMatcher::phraseLen (48 bytes)
Event: 16848.682 Thread 0x00000000188a4000 nmethod 4175 0x0000000002bd25d0 code [0x0000000002bd2720, 0x0000000002bd27f8]
Event: 16853.564 Thread 0x000000001889e000 4176       4       org.languagetool.rules.patterns.MatchState::toFinalString (752 bytes)
Event: 16853.570 Thread 0x000000001889e000 nmethod 4176 0x0000000002be65d0 code [0x0000000002be6780, 0x0000000002be6d40]
Event: 16865.542 Thread 0x00000000188a4000 4177       4       java.lang.Class::getClassLoader (28 bytes)
Event: 16865.543 Thread 0x00000000188a4000 nmethod 4177 0x0000000002ed7990 code [0x0000000002ed7ac0, 0x0000000002ed7b58]

GC Heap History (10 events):
Event: 16874.886 GC heap before
{Heap before GC invocations=1815 (full 34):
 PSYoungGen      total 685056K, used 680672K [0x00000000d5b80000, 0x0000000100000000, 0x0000000100000000)
  eden space 677376K, 100% used [0x00000000d5b80000,0x00000000ff100000,0x00000000ff100000)
  from space 7680K, 42% used [0x00000000ff880000,0x00000000ffbb8218,0x0000000100000000)
  to   space 7680K, 0% used [0x00000000ff100000,0x00000000ff100000,0x00000000ff880000)
 ParOldGen       total 227840K, used 210808K [0x0000000081200000, 0x000000008f080000, 0x00000000d5b80000)
  object space 227840K, 92% used [0x0000000081200000,0x000000008dfde0a8,0x000000008f080000)
 Metaspace       used 15412K, capacity 15740K, committed 15872K, reserved 1062912K
  class space    used 1687K, capacity 1778K, committed 1792K, reserved 1048576K
Event: 16874.897 GC heap after
Heap after GC invocations=1815 (full 34):
 PSYoungGen      total 681984K, used 4416K [0x00000000d5b80000, 0x00000000fff00000, 0x0000000100000000)
  eden space 677376K, 0% used [0x00000000d5b80000,0x00000000d5b80000,0x00000000ff100000)
  from space 4608K, 95% used [0x00000000ff100000,0x00000000ff550000,0x00000000ff580000)
  to   space 7168K, 0% used [0x00000000ff800000,0x00000000ff800000,0x00000000fff00000)
 ParOldGen       total 227840K, used 214025K [0x0000000081200000, 0x000000008f080000, 0x00000000d5b80000)
  object space 227840K, 93% used [0x0000000081200000,0x000000008e302610,0x000000008f080000)
 Metaspace       used 15412K, capacity 15740K, committed 15872K, reserved 1062912K
  class space    used 1687K, capacity 1778K, committed 1792K, reserved 1048576K
}
Event: 16875.662 GC heap before
{Heap before GC invocations=1816 (full 34):
 PSYoungGen      total 681984K, used 681792K [0x00000000d5b80000, 0x00000000fff00000, 0x0000000100000000)
  eden space 677376K, 100% used [0x00000000d5b80000,0x00000000ff100000,0x00000000ff100000)
  from space 4608K, 95% used [0x00000000ff100000,0x00000000ff550000,0x00000000ff580000)
  to   space 7168K, 0% used [0x00000000ff800000,0x00000000ff800000,0x00000000fff00000)
 ParOldGen       total 227840K, used 214025K [0x0000000081200000, 0x000000008f080000, 0x00000000d5b80000)
  object space 227840K, 93% used [0x0000000081200000,0x000000008e302610,0x000000008f080000)
 Metaspace       used 15412K, capacity 15740K, committed 15872K, reserved 1062912K
  class space    used 1687K, capacity 1778K, committed 1792K, reserved 1048576K
Event: 16875.671 GC heap after
Heap after GC invocations=1816 (full 34):
 PSYoungGen      total 684544K, used 3488K [0x00000000d5b80000, 0x0000000100000000, 0x0000000100000000)
  eden space 677376K, 0% used [0x00000000d5b80000,0x00000000d5b80000,0x00000000ff100000)
  from space 7168K, 48% used [0x00000000ff800000,0x00000000ffb68218,0x00000000fff00000)
  to   space 7168K, 0% used [0x00000000ff100000,0x00000000ff100000,0x00000000ff800000)
 ParOldGen       total 227840K, used 218449K [0x0000000081200000, 0x000000008f080000, 0x00000000d5b80000)
  object space 227840K, 95% used [0x0000000081200000,0x000000008e7547b8,0x000000008f080000)
 Metaspace       used 15412K, capacity 15740K, committed 15872K, reserved 1062912K
  class space    used 1687K, capacity 1778K, committed 1792K, reserved 1048576K
}
Event: 16876.427 GC heap before
{Heap before GC invocations=1817 (full 34):
 PSYoungGen      total 684544K, used 680864K [0x00000000d5b80000, 0x0000000100000000, 0x0000000100000000)
  eden space 677376K, 100% used [0x00000000d5b80000,0x00000000ff100000,0x00000000ff100000)
  from space 7168K, 48% used [0x00000000ff800000,0x00000000ffb68218,0x00000000fff00000)
  to   space 7168K, 0% used [0x00000000ff100000,0x00000000ff100000,0x00000000ff800000)
 ParOldGen       total 227840K, used 218449K [0x0000000081200000, 0x000000008f080000, 0x00000000d5b80000)
  object space 227840K, 95% used [0x0000000081200000,0x000000008e7547b8,0x000000008f080000)
 Metaspace       used 15412K, capacity 15740K, committed 15872K, reserved 1062912K
  class space    used 1687K, capacity 1778K, committed 1792K, reserved 1048576K
Event: 16876.439 GC heap after
Heap after GC invocations=1817 (full 34):
 PSYoungGen      total 684544K, used 4224K [0x00000000d5b80000, 0x00000000fff00000, 0x0000000100000000)
  eden space 677376K, 0% used [0x00000000d5b80000,0x00000000d5b80000,0x00000000ff100000)
  from space 7168K, 58% used [0x00000000ff100000,0x00000000ff520000,0x00000000ff800000)
  to   space 6656K, 0% used [0x00000000ff880000,0x00000000ff880000,0x00000000fff00000)
 ParOldGen       total 227840K, used 221891K [0x0000000081200000, 0x000000008f080000, 0x00000000d5b80000)
  object space 227840K, 97% used [0x0000000081200000,0x000000008eab0d20,0x000000008f080000)
 Metaspace       used 15412K, capacity 15740K, committed 15872K, reserved 1062912K
  class space    used 1687K, capacity 1778K, committed 1792K, reserved 1048576K
}
Event: 16876.439 GC heap before
{Heap before GC invocations=1818 (full 35):
 PSYoungGen      total 684544K, used 4224K [0x00000000d5b80000, 0x00000000fff00000, 0x0000000100000000)
  eden space 677376K, 0% used [0x00000000d5b80000,0x00000000d5b80000,0x00000000ff100000)
  from space 7168K, 58% used [0x00000000ff100000,0x00000000ff520000,0x00000000ff800000)
  to   space 6656K, 0% used [0x00000000ff880000,0x00000000ff880000,0x00000000fff00000)
 ParOldGen       total 227840K, used 221891K [0x0000000081200000, 0x000000008f080000, 0x00000000d5b80000)
  object space 227840K, 97% used [0x0000000081200000,0x000000008eab0d20,0x000000008f080000)
 Metaspace       used 15412K, capacity 15740K, committed 15872K, reserved 1062912K
  class space    used 1687K, capacity 1778K, committed 1792K, reserved 1048576K
Event: 16876.581 GC heap after
Heap after GC invocations=1818 (full 35):
 PSYoungGen      total 684544K, used 0K [0x00000000d5b80000, 0x00000000fff00000, 0x0000000100000000)
  eden space 677376K, 0% used [0x00000000d5b80000,0x00000000d5b80000,0x00000000ff100000)
  from space 7168K, 0% used [0x00000000ff100000,0x00000000ff100000,0x00000000ff800000)
  to   space 6656K, 0% used [0x00000000ff880000,0x00000000ff880000,0x00000000fff00000)
 ParOldGen       total 238592K, used 57885K [0x0000000081200000, 0x000000008fb00000, 0x00000000d5b80000)
  object space 238592K, 24% used [0x0000000081200000,0x0000000084a87438,0x000000008fb00000)
 Metaspace       used 15412K, capacity 15740K, committed 15872K, reserved 1062912K
  class space    used 1687K, capacity 1778K, committed 1792K, reserved 1048576K
}
Event: 16877.318 GC heap before
{Heap before GC invocations=1819 (full 35):
 PSYoungGen      total 684544K, used 677376K [0x00000000d5b80000, 0x00000000fff00000, 0x0000000100000000)
  eden space 677376K, 100% used [0x00000000d5b80000,0x00000000ff100000,0x00000000ff100000)
  from space 7168K, 0% used [0x00000000ff100000,0x00000000ff100000,0x00000000ff800000)
  to   space 6656K, 0% used [0x00000000ff880000,0x00000000ff880000,0x00000000fff00000)
 ParOldGen       total 238592K, used 57885K [0x0000000081200000, 0x000000008fb00000, 0x00000000d5b80000)
  object space 238592K, 24% used [0x0000000081200000,0x0000000084a87438,0x000000008fb00000)
 Metaspace       used 15412K, capacity 15740K, committed 15872K, reserved 1062912K
  class space    used 1687K, capacity 1778K, committed 1792K, reserved 1048576K
Event: 16877.323 GC heap after
Heap after GC invocations=1819 (full 35):
 PSYoungGen      total 685056K, used 3624K [0x00000000d5b80000, 0x00000000fff80000, 0x0000000100000000)
  eden space 678400K, 0% used [0x00000000d5b80000,0x00000000d5b80000,0x00000000ff200000)
  from space 6656K, 54% used [0x00000000ff880000,0x00000000ffc0a1b8,0x00000000fff00000)
  to   space 6656K, 0% used [0x00000000ff200000,0x00000000ff200000,0x00000000ff880000)
 ParOldGen       total 238592K, used 57885K [0x0000000081200000, 0x000000008fb00000, 0x00000000d5b80000)
  object space 238592K, 24% used [0x0000000081200000,0x0000000084a87438,0x000000008fb00000)
 Metaspace       used 15412K, capacity 15740K, committed 15872K, reserved 1062912K
  class space    used 1687K, capacity 1778K, committed 1792K, reserved 1048576K
}

Deoptimization events (10 events):
Event: 15774.843 Thread 0x0000000019c07000 Uncommon trap: reason=unstable_if action=reinterpret pc=0x0000000002eb4170 method=java.util.HashMap.putVal(ILjava/lang/Object;Ljava/lang/Object;ZZ)Ljava/lang/Object; @ 162
Event: 15774.844 Thread 0x0000000019c07000 Uncommon trap: reason=unstable_if action=reinterpret pc=0x0000000002f00278 method=java.util.HashMap.putVal(ILjava/lang/Object;Ljava/lang/Object;ZZ)Ljava/lang/Object; @ 162
Event: 15774.845 Thread 0x0000000019c07000 Uncommon trap: reason=unstable_if action=reinterpret pc=0x0000000002d50738 method=java.util.HashMap.resize()[Ljava/util/HashMap$Node; @ 206
Event: 16021.172 Thread 0x0000000019c07000 Uncommon trap: reason=bimorphic action=maybe_recompile pc=0x0000000002f08d80 method=java.lang.Throwable.<init>(Ljava/lang/String;)V @ 24
Event: 16137.692 Thread 0x0000000019c07000 Uncommon trap: reason=bimorphic action=maybe_recompile pc=0x0000000002f08d80 method=java.lang.Throwable.<init>(Ljava/lang/String;)V @ 24
Event: 16137.693 Thread 0x0000000019c07000 Uncommon trap: reason=bimorphic action=maybe_recompile pc=0x0000000002f08d80 method=java.lang.Throwable.<init>(Ljava/lang/String;)V @ 24
Event: 16139.254 Thread 0x0000000019c07000 Uncommon trap: reason=bimorphic action=maybe_recompile pc=0x0000000002f08d80 method=java.lang.Throwable.<init>(Ljava/lang/String;)V @ 24
Event: 16379.233 Thread 0x0000000019c07000 Uncommon trap: reason=unstable_if action=reinterpret pc=0x00000000031d2de0 method=com.vladsch.flexmark.parser.ListOptions.startSubList(Lcom/vladsch/flexmark/ast/ListBlock;Lcom/vladsch/flexmark/ast/ListBlock;)Z @ 14
Event: 16379.233 Thread 0x0000000019c07000 Uncommon trap: reason=unstable_if action=reinterpret pc=0x00000000032bae34 method=com.vladsch.flexmark.internal.ListBlockParser$BlockFactory.tryStart(Lcom/vladsch/flexmark/parser/block/ParserState;Lcom/vladsch/flexmark/parser/block/MatchedBlockParser;)Lco
Event: 16382.230 Thread 0x0000000019c07000 Uncommon trap: reason=unstable_if action=reinterpret pc=0x00000000031defec method=com.vladsch.flexmark.internal.InlineParserImpl.scanDelimiters(Lcom/vladsch/flexmark/parser/delimiter/DelimiterProcessor;C)Lcom/vladsch/flexmark/internal/InlineParserImpl$Del

Classes redefined (0 events):
No events

Internal exceptions (10 events):
Event: 18.847 Thread 0x0000000019c07000 Implicit null exception at 0x0000000002f0f847 to 0x0000000002f10de9
Event: 18.964 Thread 0x0000000019c07000 Implicit null exception at 0x0000000002f1f1ea to 0x0000000002f2029d
Event: 18.965 Thread 0x0000000019c07000 Implicit null exception at 0x0000000002f15504 to 0x0000000002f15675
Event: 40.120 Thread 0x0000000019c07000 Implicit null exception at 0x00000000029b2d57 to 0x00000000029b316d
Event: 4694.504 Thread 0x0000000019c07000 Implicit null exception at 0x0000000002bfcc65 to 0x0000000002bfdf91
Event: 7563.339 Thread 0x0000000019c07000 Implicit null exception at 0x0000000002e4efac to 0x0000000002e50345
Event: 7563.339 Thread 0x0000000019c07000 Implicit null exception at 0x0000000002ce7869 to 0x0000000002ce795d
Event: 15240.385 Thread 0x0000000019c07000 Implicit null exception at 0x0000000002bab854 to 0x0000000002bab8a5
Event: 15241.636 Thread 0x0000000019c07000 Implicit null exception at 0x00000000032c32e7 to 0x00000000032c7409
Event: 16877.726 Thread 0x0000000019c07000 Implicit null exception at 0x00000000032d8b2f to 0x0000000000000000

Events (10 events):
Event: 16874.219 Executing VM operation: ParallelGCFailedAllocation
Event: 16874.228 Executing VM operation: ParallelGCFailedAllocation done
Event: 16874.886 Executing VM operation: ParallelGCFailedAllocation
Event: 16874.897 Executing VM operation: ParallelGCFailedAllocation done
Event: 16875.662 Executing VM operation: ParallelGCFailedAllocation
Event: 16875.671 Executing VM operation: ParallelGCFailedAllocation done
Event: 16876.427 Executing VM operation: ParallelGCFailedAllocation
Event: 16876.581 Executing VM operation: ParallelGCFailedAllocation done
Event: 16877.318 Executing VM operation: ParallelGCFailedAllocation
Event: 16877.323 Executing VM operation: ParallelGCFailedAllocation done


Dynamic libraries:
0x000000013f4f0000 - 0x000000013f527000 	C:\Program Files (x86)\Common Files\Oracle\Java\javapath\java.exe
0x0000000077790000 - 0x000000007793a000 	C:\Windows\SYSTEM32\ntdll.dll
0x0000000077570000 - 0x000000007768f000 	C:\Windows\system32\kernel32.dll
0x000007fefd840000 - 0x000007fefd8aa000 	C:\Windows\system32\KERNELBASE.dll
0x000007fefdd50000 - 0x000007fefde2b000 	C:\Windows\system32\ADVAPI32.dll
0x000007fefde30000 - 0x000007fefdecf000 	C:\Windows\system32\msvcrt.dll
0x000007fefded0000 - 0x000007fefdeef000 	C:\Windows\SYSTEM32\sechost.dll
0x000007fefe150000 - 0x000007fefe27d000 	C:\Windows\system32\RPCRT4.dll
0x0000000077690000 - 0x000000007778a000 	C:\Windows\system32\USER32.dll
0x000007feff850000 - 0x000007feff8b7000 	C:\Windows\system32\GDI32.dll
0x000007feff7a0000 - 0x000007feff7ae000 	C:\Windows\system32\LPK.dll
0x000007fefe080000 - 0x000007fefe14b000 	C:\Windows\system32\USP10.dll
0x000007fefc4e0000 - 0x000007fefc6d4000 	C:\Windows\WinSxS\amd64_microsoft.windows.common-controls_6595b64144ccf1df_6.0.7601.18837_none_fa3b1e3d17594757\COMCTL32.dll
0x000007fefe480000 - 0x000007fefe4f1000 	C:\Windows\system32\SHLWAPI.dll
0x000007fefda90000 - 0x000007fefdabe000 	C:\Windows\system32\IMM32.DLL
0x000007feff8c0000 - 0x000007feff9c9000 	C:\Windows\system32\MSCTF.dll
0x0000000059280000 - 0x0000000059352000 	C:\Program Files\Java\jre1.8.0_202\bin\msvcr100.dll
0x0000000054870000 - 0x0000000055115000 	C:\Program Files\Java\jre1.8.0_202\bin\server\jvm.dll
0x000007fefa790000 - 0x000007fefa799000 	C:\Windows\system32\WSOCK32.dll
0x000007feffa50000 - 0x000007feffa9d000 	C:\Windows\system32\WS2_32.dll
0x000007fefdd40000 - 0x000007fefdd48000 	C:\Windows\system32\NSI.dll
0x000007fefb310000 - 0x000007fefb34b000 	C:\Windows\system32\WINMM.dll
0x000007fefc200000 - 0x000007fefc20c000 	C:\Windows\system32\VERSION.dll
0x0000000077960000 - 0x0000000077967000 	C:\Windows\system32\PSAPI.DLL
0x000007fefa780000 - 0x000007fefa78f000 	C:\Program Files\Java\jre1.8.0_202\bin\verify.dll
0x000007fee8f20000 - 0x000007fee8f49000 	C:\Program Files\Java\jre1.8.0_202\bin\java.dll
0x000007feefbc0000 - 0x000007feefbd6000 	C:\Program Files\Java\jre1.8.0_202\bin\zip.dll
0x000007fefe740000 - 0x000007feff4cb000 	C:\Windows\system32\SHELL32.dll
0x000007fefe280000 - 0x000007fefe47c000 	C:\Windows\system32\ole32.dll
0x000007fefd550000 - 0x000007fefd55f000 	C:\Windows\system32\profapi.dll
0x000007feefaf0000 - 0x000007feefb0a000 	C:\Program Files\Java\jre1.8.0_202\bin\net.dll
0x000007fefdef0000 - 0x000007fefe075000 	C:\Windows\system32\urlmon.dll
0x000007fefd650000 - 0x000007fefd654000 	C:\Windows\system32\api-ms-win-downlevel-ole32-l1-1-0.dll
0x000007fefd8b0000 - 0x000007fefd8b4000 	C:\Windows\system32\api-ms-win-downlevel-shlwapi-l1-1-0.dll
0x000007fefd900000 - 0x000007fefd905000 	C:\Windows\system32\api-ms-win-downlevel-advapi32-l1-1-0.dll
0x000007fefd660000 - 0x000007fefd664000 	C:\Windows\system32\api-ms-win-downlevel-user32-l1-1-0.dll
0x000007fefd7f0000 - 0x000007fefd7f4000 	C:\Windows\system32\api-ms-win-downlevel-version-l1-1-0.dll
0x000007fefd670000 - 0x000007fefd673000 	C:\Windows\system32\api-ms-win-downlevel-normaliz-l1-1-0.dll
0x0000000077950000 - 0x0000000077953000 	C:\Windows\system32\normaliz.DLL
0x000007feff4d0000 - 0x000007feff797000 	C:\Windows\system32\iertutil.dll
0x000007fefdac0000 - 0x000007fefdd1a000 	C:\Windows\system32\WININET.dll
0x000007fefd570000 - 0x000007fefd58e000 	C:\Windows\system32\USERENV.dll
0x000007fefcca0000 - 0x000007fefccf5000 	C:\Windows\system32\mswsock.dll
0x000007fefcc90000 - 0x000007fefcc97000 	C:\Windows\System32\wship6.dll
0x000007fefc2d0000 - 0x000007fefc2d7000 	C:\Windows\System32\wshtcpip.dll
0x000007fefcb20000 - 0x000007fefcb7b000 	C:\Windows\system32\DNSAPI.dll
0x000007fef8b30000 - 0x000007fef8b5f000 	C:\Program Files\Common Files\Microsoft Shared\Windows Live\WLIDNSP.DLL
0x000007fefaa90000 - 0x000007fefaab7000 	C:\Windows\system32\IPHLPAPI.DLL
0x000007fefab80000 - 0x000007fefab8b000 	C:\Windows\system32\WINNSI.DLL
0x000007fef8b20000 - 0x000007fef8b28000 	C:\Windows\system32\rasadhlp.dll
0x000007fefa9f0000 - 0x000007fefaa43000 	C:\Windows\System32\fwpuclnt.dll
0x000007fef9bd0000 - 0x000007fef9cf5000 	C:\Windows\system32\dbghelp.dll

VM Arguments:
java_command: App 54857
java_class_path (initial): c:\Users\Administrator\.vscode\extensions\adamvoss.vscode-languagetool-3.8.0\lib\languagetool-languageserver\build\install\languagetool-languageserver\bin\..\lib\annotations-12.0.jar;c:\Users\Administrator\.vscode\extensions\adamvoss.vscode-languagetool-3.8.0\lib\languagetool-languageserver\build\install\languagetool-languageserver\bin\..\lib\autolink-0.6.0.jar;c:\Users\Administrator\.vscode\extensions\adamvoss.vscode-languagetool-3.8.0\lib\languagetool-languageserver\build\install\languagetool-languageserver\bin\..\lib\berkeleylm-1.1.2.jar;c:\Users\Administrator\.vscode\extensions\adamvoss.vscode-languagetool-3.8.0\lib\languagetool-languageserver\build\install\languagetool-languageserver\bin\..\lib\commons-lang3-3.5.jar;c:\Users\Administrator\.vscode\extensions\adamvoss.vscode-languagetool-3.8.0\lib\languagetool-languageserver\build\install\languagetool-languageserver\bin\..\lib\commons-logging-1.2.jar;c:\Users\Administrator\.vscode\extensions\adamvoss.vscode-languagetool-3.8.0\lib\languagetool-languageserver\build\install\languagetool-languageserver\bin\..\lib\flexmark-0.19.1.jar;c:\Users\Administrator\.vscode\extensions\adamvoss.vscode-languagetool-3.8.0\lib\languagetool-languageserver\build\install\languagetool-languageserver\bin\..\lib\flexmark-all-0.19.1.jar;c:\Users\Administrator\.vscode\extensions\adamvoss.vscode-languagetool-3.8.0\lib\languagetool-languageserver\build\install\languagetool-languageserver\bin\..\lib\flexmark-ext-abbreviation-0.19.1.jar;c:\Users\Administrator\.vscode\extensions\adamvoss.vscode-languagetool-3.8.0\lib\languagetool-languageserver\build\install\languagetool-languageserver\bin\..\lib\flexmark-ext-anchorlink-0.19.1.jar;c:\Users\Administrator\.vscode\extensions\adamvoss.vscode-languagetool-3.8.0\lib\languagetool-languageserver\build\install\languagetool-languageserver\bin\..\lib\flexmark-ext-aside-0.19.1.jar;c:\Users\Administrator\.vscode\extensions\adamvoss.vscode-languagetool-3.8.0\lib\languagetool-lang
Launcher Type: SUN_STANDARD

Environment Variables:
CLASSPATH=c:\Users\Administrator\.vscode\extensions\adamvoss.vscode-languagetool-3.8.0\lib\languagetool-languageserver\build\install\languagetool-languageserver\bin\..\lib\*;C:\Users\Administrator\.vscode\extensions\adamvoss.vscode-languagetool-zh-3.8.0\lib\*
PATH=C:\Program Files (x86)\Common Files\Oracle\Java\javapath;C:\Perl64\site\bin;C:\Perl64\bin;C:\Windows\System32;D:\Latex\Lyx\Perl\bin;C:\Ruby25-x64\bin;C:\Users\Administrator\AppData\Local\GitHubDesktop\bin;C:\Users\Administrator\AppData\Local\Programs\Microsoft VS Code\bin;C:\Program Files\JetBrains\PyCharm Community Edition 2018.3.3\bin;C:\Users\Administrator\AppData\Local\Programs\Python\Python37\;C:\Users\Administrator\AppData\Local\Programs\Python\Python37\Scripts\;D:\Tools\MultiMedia.媒体工具\mkvtoolnix;C:\texlive\2018\bin\win32
USERNAME=Administrator
OS=Windows_NT
PROCESSOR_IDENTIFIER=Intel64 Family 6 Model 61 Stepping 4, GenuineIntel



---------------  S Y S T E M  ---------------

OS: Windows 7 , 64 bit Build 7601 (6.1.7601.23807)

CPU:total 4 (initial active 4) (2 cores per cpu, 2 threads per core) family 6 model 61 stepping 4, cmov, cx8, fxsr, mmx, sse, sse2, sse3, ssse3, sse4.1, sse4.2, popcnt, avx, avx2, aes, clmul, erms, 3dnowpref, lzcnt, ht, tsc, tscinvbit, bmi1, bmi2, adx

Memory: 4k page, physical 8307124k(3312348k free), swap 8305264k(3234224k free)

vm_info: Java HotSpot(TM) 64-Bit Server VM (25.202-b08) for windows-amd64 JRE (1.8.0_202-b08), built on Dec 15 2018 19:54:30 by "java_re" with MS VC++ 10.0 (VS2010)

time: Sun Apr 14 15:38:01 2019
timezone: 中国标准时间
elapsed time: 16877 seconds (0d 4h 41m 17s)

